<?xml version="1.0" encoding="UTF-8"?>
<!-- Generated by org.testng.reporters.JUnitReportReporter -->
<testsuite skipped="0" hostname="Home-PC" name="com.qaplug.testcases.TestServicepage" tests="3" failures="0" timestamp="15 Jul 2020 16:51:32 GMT" time="49.348" errors="0">
  <testcase name="addnewService" time="16.027" classname="com.qaplug.testcases.TestServicepage"/>
  <testcase name="addnewService" time="16.487" classname="com.qaplug.testcases.TestServicepage"/>
  <testcase name="addnewService" time="16.834" classname="com.qaplug.testcases.TestServicepage"/>
</testsuite> <!-- com.qaplug.testcases.TestServicepage -->
