<?xml version="1.0" encoding="UTF-8"?>
<!-- Generated by org.testng.reporters.JUnitReportReporter -->
<testsuite skipped="0" hostname="Home-PC" name="com.qaplug.testcases.TestLandingPage" tests="3" failures="0" timestamp="16 Jul 2020 16:15:07 GMT" time="41.248" errors="0">
  <testcase name="Testaboutlink" time="12.485" classname="com.qaplug.testcases.TestLandingPage"/>
  <testcase name="checkLogo" time="17.185" classname="com.qaplug.testcases.TestLandingPage"/>
  <testcase name="TestloginButton" time="11.578" classname="com.qaplug.testcases.TestLandingPage"/>
</testsuite> <!-- com.qaplug.testcases.TestLandingPage -->
